<?xml version="1.0" encoding="UTF-8"?>
<Document>
  <DocumentInfo>
    <Created>Generated by CLI Parser</Created>
    <Name>test-comprehensive</Name>
  </DocumentInfo>
  <FB>
    <Interface>
      <Sections>
        <Section Name="Static">
          <Member Name="Stap" Datatype="Array[0..31] of Bool"/>
          <Member Name="Hulp" Datatype="Array[1..32] of Bool"/>
          <Member Name="Tijd" Datatype="Array[1..10] of IEC_TIMER"/>
          <Member Name="Teller" Datatype="Array[1..10] of Int"/>
        </Section>
      </Sections>
    </Interface>
    <Implementation>
      <FBD>
        <Network Title="SCHRITT 1">
          <Comment>Auto-generated from CLI Parser</Comment>
        </Network>
        <Network Title="SCHRITT 2">
          <Comment>Auto-generated from CLI Parser</Comment>
        </Network>
        <Network Title="SCHRITT 3">
          <Comment>Auto-generated from CLI Parser</Comment>
        </Network>
        <Network Title="SCHRITT 4">
          <Comment>Auto-generated from CLI Parser</Comment>
        </Network>
        <Network Title="SCHRITT 5">
          <Comment>Auto-generated from CLI Parser</Comment>
        </Network>
      </FBD>
    </Implementation>
  </FB>
</Document>
